2021-09-23 11:43:40,104 INFO o.a.j.u.JMeterUtils: Setting Locale to en
2021-09-23 11:43:40,146 INFO o.a.j.JMeter: Loading user properties from: user.properties
2021-09-23 11:43:40,147 INFO o.a.j.JMeter: Loading system properties from: system.properties
2021-09-23 11:43:40,149 INFO o.a.j.JMeter: Copyright (c) 1998-2020 The Apache Software Foundation
2021-09-23 11:43:40,149 INFO o.a.j.JMeter: Version 5.3
2021-09-23 11:43:40,149 INFO o.a.j.JMeter: java.version=11.0.12
2021-09-23 11:43:40,150 INFO o.a.j.JMeter: java.vm.name=OpenJDK 64-Bit Server VM
2021-09-23 11:43:40,150 INFO o.a.j.JMeter: os.name=Linux
2021-09-23 11:43:40,150 INFO o.a.j.JMeter: os.arch=amd64
2021-09-23 11:43:40,150 INFO o.a.j.JMeter: os.version=5.11.0-36-generic
2021-09-23 11:43:40,150 INFO o.a.j.JMeter: file.encoding=UTF-8
2021-09-23 11:43:40,150 INFO o.a.j.JMeter: java.awt.headless=true
2021-09-23 11:43:40,150 INFO o.a.j.JMeter: Max memory     =8388608000
2021-09-23 11:43:40,151 INFO o.a.j.JMeter: Available Processors =4
2021-09-23 11:43:40,163 INFO o.a.j.JMeter: Default Locale=English
2021-09-23 11:43:40,163 INFO o.a.j.JMeter: JMeter  Locale=English
2021-09-23 11:43:40,163 INFO o.a.j.JMeter: JMeterHome=/apache_jmeter
2021-09-23 11:43:40,163 INFO o.a.j.JMeter: user.dir  =/apache_jmeter/bin
2021-09-23 11:43:40,163 INFO o.a.j.JMeter: PWD       =/apache_jmeter/bin
2021-09-23 11:43:40,164 INFO o.a.j.JMeter: IP: 172.19.0.4 Name: 5ccbe331e964 FullName: 5ccbe331e964
2021-09-23 11:43:40,170 INFO o.a.j.s.FileServer: Default base='/apache_jmeter/bin'
2021-09-23 11:43:40,173 INFO o.a.j.s.FileServer: Set new base='/apache_jmeter/bin'
2021-09-23 11:43:40,361 INFO o.a.j.s.SaveService: Testplan (JMX) version: 2.2. Testlog (JTL) version: 2.2
2021-09-23 11:43:40,397 INFO o.a.j.s.SaveService: Using SaveService properties version 5.0
2021-09-23 11:43:40,402 INFO o.a.j.s.SaveService: Using SaveService properties file encoding UTF-8
2021-09-23 11:43:40,407 INFO o.a.j.s.SaveService: Loading file: B.jmx
2021-09-23 11:43:40,446 INFO o.a.j.p.h.s.HTTPSamplerBase: Parser for text/html is org.apache.jmeter.protocol.http.parser.LagartoBasedHtmlParser
2021-09-23 11:43:40,446 INFO o.a.j.p.h.s.HTTPSamplerBase: Parser for application/xhtml+xml is org.apache.jmeter.protocol.http.parser.LagartoBasedHtmlParser
2021-09-23 11:43:40,446 INFO o.a.j.p.h.s.HTTPSamplerBase: Parser for application/xml is org.apache.jmeter.protocol.http.parser.LagartoBasedHtmlParser
2021-09-23 11:43:40,447 INFO o.a.j.p.h.s.HTTPSamplerBase: Parser for text/xml is org.apache.jmeter.protocol.http.parser.LagartoBasedHtmlParser
2021-09-23 11:43:40,447 INFO o.a.j.p.h.s.HTTPSamplerBase: Parser for text/vnd.wap.wml is org.apache.jmeter.protocol.http.parser.RegexpHTMLParser
2021-09-23 11:43:40,447 INFO o.a.j.p.h.s.HTTPSamplerBase: Parser for text/css is org.apache.jmeter.protocol.http.parser.CssParser
2021-09-23 11:43:40,453 INFO o.a.j.s.SampleResult: Note: Sample TimeStamps are START times
2021-09-23 11:43:40,453 INFO o.a.j.s.SampleResult: sampleresult.default.encoding is set to ISO-8859-1
2021-09-23 11:43:40,453 INFO o.a.j.s.SampleResult: sampleresult.useNanoTime=true
2021-09-23 11:43:40,453 INFO o.a.j.s.SampleResult: sampleresult.nanoThreadSleep=5000
2021-09-23 11:43:40,473 INFO o.a.j.JMeter: Creating summariser <summary>
2021-09-23 11:43:40,478 INFO o.a.j.e.StandardJMeterEngine: Running the test!
2021-09-23 11:43:40,481 INFO o.a.j.s.SampleEvent: List of sample_variables: []
2021-09-23 11:43:40,482 INFO o.a.j.s.SampleEvent: List of sample_variables: []
2021-09-23 11:43:40,489 INFO o.a.j.e.u.CompoundVariable: Note: Function class names must contain the string: '.functions.'
2021-09-23 11:43:40,490 INFO o.a.j.e.u.CompoundVariable: Note: Function class names must not contain the string: '.gui.'
2021-09-23 11:43:41,164 INFO o.a.j.v.b.BackendListener: Backend Listener: Starting worker with class: class org.apache.jmeter.visualizers.backend.influxdb.InfluxdbBackendListenerClient and queue capacity: 5000
2021-09-23 11:43:41,168 INFO o.a.j.v.b.BackendListener: Backend Listener: Started  worker with class: class org.apache.jmeter.visualizers.backend.influxdb.InfluxdbBackendListenerClient
2021-09-23 11:43:41,866 INFO o.a.j.JMeter: Running test (1632397421866)
2021-09-23 11:43:41,919 INFO o.a.j.e.StandardJMeterEngine: Starting ThreadGroup: 1 : Thread Group
2021-09-23 11:43:41,919 INFO o.a.j.e.StandardJMeterEngine: Starting 1 threads for group Thread Group.
2021-09-23 11:43:41,919 INFO o.a.j.e.StandardJMeterEngine: Thread will continue on error
2021-09-23 11:43:41,919 INFO o.a.j.t.ThreadGroup: Starting thread group... number=1 threads=1 ramp-up=1 delayedStart=false
2021-09-23 11:43:41,967 INFO o.a.j.t.ThreadGroup: Started thread group number 1
2021-09-23 11:43:41,969 INFO o.a.j.e.StandardJMeterEngine: All thread groups have been started
2021-09-23 11:43:41,996 INFO o.a.j.t.JMeterThread: Thread started: Thread Group 1-1
2021-09-23 11:43:42,063 INFO o.a.j.p.h.s.HTTPHCAbstractImpl: Local host = 5ccbe331e964
2021-09-23 11:43:42,088 INFO o.a.j.p.h.s.HTTPHC4Impl: HTTP request retry count = 0
2021-09-23 11:43:42,187 INFO o.a.j.p.h.s.h.LazyLayeredConnectionSocketFactory: Setting up HTTPS TrustAll Socket Factory
2021-09-23 11:43:42,191 INFO o.a.j.u.JsseSSLManager: Using default SSL protocol: TLS
2021-09-23 11:43:42,191 INFO o.a.j.u.JsseSSLManager: SSL session context: per-thread
2021-09-23 11:43:42,245 INFO o.a.j.u.SSLManager: JmeterKeyStore Location:  type JKS
2021-09-23 11:43:42,246 INFO o.a.j.u.SSLManager: KeyStore created OK
2021-09-23 11:43:42,247 WARN o.a.j.u.SSLManager: Keystore file not found, loading empty keystore
2021-09-23 11:43:44,941 INFO o.a.j.t.JMeterThread: Thread is done: Thread Group 1-1
2021-09-23 11:43:44,941 INFO o.a.j.t.JMeterThread: Thread finished: Thread Group 1-1
2021-09-23 11:43:44,943 INFO o.a.j.e.StandardJMeterEngine: Notifying test listeners of end of test
2021-09-23 11:43:44,944 INFO o.a.j.v.b.BackendListener: Worker ended
2021-09-23 11:43:44,945 INFO o.a.j.v.b.i.InfluxdbBackendListenerClient: Sending last metrics
2021-09-23 11:43:44,954 INFO o.a.j.v.b.i.HttpMetricsSender: Destroying 
2021-09-23 11:43:45,114 INFO o.a.j.r.Summariser: summary =      1 in 00:00:03 =    0.3/s Avg:  2766 Min:  2766 Max:  2766 Err:     0 (0.00%)
