Started at Thu Sep 23 12:30:07 UTC 2021
Processing jmeter
Offering jmeter to Project Build Discarder
Processing Regress
Offering Regress to Project Build Discarder
Processing uitest
Offering uitest to Project Build Discarder
Finished at Thu Sep 23 12:30:07 UTC 2021. 4ms
Started at Thu Sep 23 13:30:07 UTC 2021
Processing jmeter
Offering jmeter to Project Build Discarder
Processing Regress
Offering Regress to Project Build Discarder
Processing uitest
Offering uitest to Project Build Discarder
Finished at Thu Sep 23 13:30:07 UTC 2021. 0ms
Started at Thu Sep 23 14:30:07 UTC 2021
Processing jmeter
Offering jmeter to Project Build Discarder
Processing Regress
Offering Regress to Project Build Discarder
Processing uitest
Offering uitest to Project Build Discarder
Finished at Thu Sep 23 14:30:07 UTC 2021. 2ms
Started at Thu Sep 23 15:30:07 UTC 2021
Processing jmeter
Offering jmeter to Project Build Discarder
Processing Regress
Offering Regress to Project Build Discarder
Processing uitest
Offering uitest to Project Build Discarder
Finished at Thu Sep 23 15:30:07 UTC 2021. 2ms
Started at Thu Sep 23 16:30:07 UTC 2021
Processing jmeter
Offering jmeter to Project Build Discarder
Processing Regress
Offering Regress to Project Build Discarder
Processing uitest
Offering uitest to Project Build Discarder
Finished at Thu Sep 23 16:30:07 UTC 2021. 1ms
Started at Thu Sep 23 17:30:07 UTC 2021
Processing jmeter
Offering jmeter to Project Build Discarder
Processing Regress
Offering Regress to Project Build Discarder
Processing uitest
Offering uitest to Project Build Discarder
Finished at Thu Sep 23 17:30:07 UTC 2021. 2ms
Started at Thu Sep 23 18:30:07 UTC 2021
Processing jmeter
Offering jmeter to Project Build Discarder
Processing Regress
Offering Regress to Project Build Discarder
Processing uitest
Offering uitest to Project Build Discarder
Finished at Thu Sep 23 18:30:07 UTC 2021. 1ms
Started at Thu Sep 23 19:30:07 UTC 2021
Processing jmeter
Offering jmeter to Project Build Discarder
Processing Regress
Offering Regress to Project Build Discarder
Processing uitest
Offering uitest to Project Build Discarder
Finished at Thu Sep 23 19:30:07 UTC 2021. 2ms
Started at Thu Sep 23 20:30:07 UTC 2021
Processing jmeter
Offering jmeter to Project Build Discarder
Processing Regress
Offering Regress to Project Build Discarder
Processing uitest
Offering uitest to Project Build Discarder
Finished at Thu Sep 23 20:30:07 UTC 2021. 2ms
Started at Thu Sep 23 21:30:07 UTC 2021
Processing jmeter
Offering jmeter to Project Build Discarder
Processing Regress
Offering Regress to Project Build Discarder
Processing uitest
Offering uitest to Project Build Discarder
Finished at Thu Sep 23 21:30:07 UTC 2021. 2ms
Started at Thu Sep 23 22:30:07 UTC 2021
Processing jmeter
Offering jmeter to Project Build Discarder
Processing Regress
Offering Regress to Project Build Discarder
Processing uitest
Offering uitest to Project Build Discarder
Finished at Thu Sep 23 22:30:07 UTC 2021. 2ms
Started at Thu Sep 23 23:30:07 UTC 2021
Processing jmeter
Offering jmeter to Project Build Discarder
Processing Regress
Offering Regress to Project Build Discarder
Processing uitest
Offering uitest to Project Build Discarder
Finished at Thu Sep 23 23:30:07 UTC 2021. 2ms
Started at Fri Sep 24 00:30:07 UTC 2021
Processing jmeter
Offering jmeter to Project Build Discarder
Processing Regress
Offering Regress to Project Build Discarder
Processing uitest
Offering uitest to Project Build Discarder
Finished at Fri Sep 24 00:30:07 UTC 2021. 1ms
Started at Fri Sep 24 01:30:07 UTC 2021
Processing jmeter
Offering jmeter to Project Build Discarder
Processing Regress
Offering Regress to Project Build Discarder
Processing uitest
Offering uitest to Project Build Discarder
Finished at Fri Sep 24 01:30:07 UTC 2021. 2ms
Started at Fri Sep 24 02:30:07 UTC 2021
Processing jmeter
Offering jmeter to Project Build Discarder
Processing Regress
Offering Regress to Project Build Discarder
Processing uitest
Offering uitest to Project Build Discarder
Finished at Fri Sep 24 02:30:07 UTC 2021. 1ms
Started at Fri Sep 24 03:30:07 UTC 2021
Processing jmeter
Offering jmeter to Project Build Discarder
Processing Regress
Offering Regress to Project Build Discarder
Processing uitest
Offering uitest to Project Build Discarder
Finished at Fri Sep 24 03:30:07 UTC 2021. 2ms
Started at Fri Sep 24 04:30:07 UTC 2021
Processing jmeter
Offering jmeter to Project Build Discarder
Processing Regress
Offering Regress to Project Build Discarder
Processing uitest
Offering uitest to Project Build Discarder
Finished at Fri Sep 24 04:30:07 UTC 2021. 1ms
Started at Fri Sep 24 05:30:07 UTC 2021
Processing jmeter
Offering jmeter to Project Build Discarder
Processing Regress
Offering Regress to Project Build Discarder
Processing uitest
Offering uitest to Project Build Discarder
Finished at Fri Sep 24 05:30:07 UTC 2021. 1ms
Started at Fri Sep 24 06:30:07 UTC 2021
Processing jmeter
Offering jmeter to Project Build Discarder
Processing Regress
Offering Regress to Project Build Discarder
Processing uitest
Offering uitest to Project Build Discarder
Finished at Fri Sep 24 06:30:07 UTC 2021. 1ms
Started at Fri Sep 24 07:30:07 UTC 2021
Processing jmeter
Offering jmeter to Project Build Discarder
Processing Regress
Offering Regress to Project Build Discarder
Processing uitest
Offering uitest to Project Build Discarder
Finished at Fri Sep 24 07:30:07 UTC 2021. 1ms
Started at Fri Sep 24 08:30:07 UTC 2021
Processing jmeter
Offering jmeter to Project Build Discarder
Processing Regress
Offering Regress to Project Build Discarder
Processing uitest
Offering uitest to Project Build Discarder
Finished at Fri Sep 24 08:30:07 UTC 2021. 1ms
Started at Fri Sep 24 09:30:07 UTC 2021
Processing jmeter
Offering jmeter to Project Build Discarder
Processing Regress
Offering Regress to Project Build Discarder
Processing uitest
Offering uitest to Project Build Discarder
Finished at Fri Sep 24 09:30:07 UTC 2021. 1ms
