2021-09-14 10:55:58,822 INFO o.a.j.u.JMeterUtils: Setting Locale to en
2021-09-14 10:55:58,891 INFO o.a.j.JMeter: Loading user properties from: /apache_jmeter/bin/user.properties
2021-09-14 10:55:58,892 INFO o.a.j.JMeter: Loading system properties from: /apache_jmeter/bin/system.properties
2021-09-14 10:55:58,899 INFO o.a.j.JMeter: Copyright (c) 1998-2020 The Apache Software Foundation
2021-09-14 10:55:58,899 INFO o.a.j.JMeter: Version 5.3
2021-09-14 10:55:58,899 INFO o.a.j.JMeter: java.version=11.0.12
2021-09-14 10:55:58,899 INFO o.a.j.JMeter: java.vm.name=OpenJDK 64-Bit Server VM
2021-09-14 10:55:58,900 INFO o.a.j.JMeter: os.name=Linux
2021-09-14 10:55:58,900 INFO o.a.j.JMeter: os.arch=amd64
2021-09-14 10:55:58,900 INFO o.a.j.JMeter: os.version=5.11.0-34-generic
2021-09-14 10:55:58,900 INFO o.a.j.JMeter: file.encoding=UTF-8
2021-09-14 10:55:58,900 INFO o.a.j.JMeter: java.awt.headless=true
2021-09-14 10:55:58,900 INFO o.a.j.JMeter: Max memory     =8388608000
2021-09-14 10:55:58,900 INFO o.a.j.JMeter: Available Processors =4
2021-09-14 10:55:58,909 INFO o.a.j.JMeter: Default Locale=English
2021-09-14 10:55:58,909 INFO o.a.j.JMeter: JMeter  Locale=English
2021-09-14 10:55:58,917 INFO o.a.j.JMeter: JMeterHome=/apache_jmeter
2021-09-14 10:55:58,917 INFO o.a.j.JMeter: user.dir  =/apache_jmeter
2021-09-14 10:55:58,918 INFO o.a.j.JMeter: PWD       =/apache_jmeter
2021-09-14 10:55:58,918 INFO o.a.j.JMeter: IP: 172.18.0.3 Name: 67fa9ecb5784 FullName: 67fa9ecb5784
2021-09-14 10:55:58,921 ERROR o.a.j.JMeter: An error occurred: 
org.apache.jmeter.report.config.ConfigurationException: The file /apache_jmeter/B.jmx doesn't exist or can't be opened
	at org.apache.jmeter.JMeter.runNonGui(JMeter.java:1003) ~[ApacheJMeter_core.jar:5.3]
	at org.apache.jmeter.JMeter.startNonGui(JMeter.java:994) ~[ApacheJMeter_core.jar:5.3]
	at org.apache.jmeter.JMeter.start(JMeter.java:566) [ApacheJMeter_core.jar:5.3]
	at jdk.internal.reflect.NativeMethodAccessorImpl.invoke0(Native Method) ~[?:?]
	at jdk.internal.reflect.NativeMethodAccessorImpl.invoke(NativeMethodAccessorImpl.java:62) ~[?:?]
	at jdk.internal.reflect.DelegatingMethodAccessorImpl.invoke(DelegatingMethodAccessorImpl.java:43) ~[?:?]
	at java.lang.reflect.Method.invoke(Method.java:566) ~[?:?]
	at org.apache.jmeter.NewDriver.main(NewDriver.java:252) [ApacheJMeter.jar:5.3]
