--- Copying files at Mon 07 Jun 2021 04:35:27 PM UTC
--- Copying files at Mon 07 Jun 2021 04:40:13 PM UTC
--- Copying files at Wed 09 Jun 2021 09:02:52 AM UTC
--- Copying files at Wed 09 Jun 2021 09:10:41 AM UTC
--- Copying files at Wed 09 Jun 2021 09:16:10 AM UTC
--- Copying files at Wed 09 Jun 2021 09:31:57 AM UTC
--- Copying files at Wed 09 Jun 2021 09:35:23 AM UTC
--- Copying files at Wed 09 Jun 2021 09:50:59 AM UTC
--- Copying files at Wed 09 Jun 2021 09:56:20 AM UTC
--- Copying files at Wed 09 Jun 2021 10:07:17 AM UTC
--- Copying files at Wed 09 Jun 2021 10:20:01 AM UTC
--- Copying files at Wed 09 Jun 2021 10:21:00 AM UTC
--- Copying files at Wed 09 Jun 2021 10:25:41 AM UTC
--- Copying files at Wed 09 Jun 2021 10:30:47 AM UTC
--- Copying files at Wed 09 Jun 2021 02:58:43 PM UTC
--- Copying files at Thu 10 Jun 2021 09:28:04 AM UTC
--- Copying files at Thu 10 Jun 2021 09:33:11 AM UTC
--- Copying files at Thu 10 Jun 2021 09:38:46 AM UTC
--- Copying files at Thu 10 Jun 2021 10:11:04 AM UTC
--- Copying files at Thu 10 Jun 2021 10:15:20 AM UTC
--- Copying files at Thu 10 Jun 2021 10:24:04 AM UTC
--- Copying files at Tue 15 Jun 2021 11:07:03 AM UTC
--- Copying files at Thu 17 Jun 2021 08:45:16 AM UTC
--- Copying files at Thu 17 Jun 2021 08:57:21 AM UTC
--- Copying files at Thu 17 Jun 2021 09:06:55 AM UTC
--- Copying files at Thu 17 Jun 2021 09:43:26 AM UTC
--- Copying files at Thu 17 Jun 2021 01:29:39 PM UTC
--- Copying files at Fri 18 Jun 2021 08:28:44 AM UTC
--- Copying files at Fri 18 Jun 2021 09:09:51 AM UTC
--- Copying files at Fri 18 Jun 2021 09:13:38 AM UTC
--- Copying files at Fri 18 Jun 2021 09:15:28 AM UTC
--- Copying files at Fri 18 Jun 2021 09:36:15 AM UTC
--- Copying files at Fri 18 Jun 2021 09:37:03 AM UTC
--- Copying files at Fri 18 Jun 2021 09:49:00 AM UTC
--- Copying files at Fri 18 Jun 2021 09:54:43 AM UTC
--- Copying files at Fri 18 Jun 2021 10:02:55 AM UTC
--- Copying files at Fri 18 Jun 2021 10:09:12 AM UTC
--- Copying files at Fri 18 Jun 2021 10:11:31 AM UTC
--- Copying files at Fri 18 Jun 2021 10:13:53 AM UTC
--- Copying files at Fri 18 Jun 2021 10:15:34 AM UTC
--- Copying files at Fri 18 Jun 2021 10:16:39 AM UTC
--- Copying files at Fri 18 Jun 2021 10:19:23 AM UTC
--- Copying files at Fri 18 Jun 2021 10:21:40 AM UTC
--- Copying files at Fri 18 Jun 2021 10:22:23 AM UTC
--- Copying files at Fri 18 Jun 2021 11:17:06 AM UTC
--- Copying files at Fri 18 Jun 2021 11:17:19 AM UTC
--- Copying files at Fri 18 Jun 2021 11:17:46 AM UTC
--- Copying files at Fri 18 Jun 2021 11:18:02 AM UTC
--- Copying files at Fri 18 Jun 2021 11:21:23 AM UTC
--- Copying files at Fri 18 Jun 2021 11:22:58 AM UTC
--- Copying files at Fri 18 Jun 2021 11:23:54 AM UTC
--- Copying files at Fri 18 Jun 2021 11:27:30 AM UTC
--- Copying files at Fri 18 Jun 2021 11:27:57 AM UTC
--- Copying files at Fri 18 Jun 2021 11:30:13 AM UTC
--- Copying files at Fri 18 Jun 2021 11:31:04 AM UTC
--- Copying files at Fri 18 Jun 2021 11:33:00 AM UTC
--- Copying files at Fri 18 Jun 2021 11:35:49 AM UTC
--- Copying files at Fri 18 Jun 2021 11:36:44 AM UTC
--- Copying files at Fri 18 Jun 2021 11:38:17 AM UTC
--- Copying files at Fri 18 Jun 2021 11:41:54 AM UTC
--- Copying files at Fri 18 Jun 2021 11:57:14 AM UTC
--- Copying files at Fri 18 Jun 2021 12:00:51 PM UTC
--- Copying files at Fri 18 Jun 2021 12:04:03 PM UTC
--- Copying files at Fri 18 Jun 2021 12:06:45 PM UTC
--- Copying files at Fri 18 Jun 2021 12:08:32 PM UTC
--- Copying files at Fri 18 Jun 2021 12:11:38 PM UTC
--- Copying files at Fri 18 Jun 2021 12:12:36 PM UTC
--- Copying files at Fri 18 Jun 2021 12:15:52 PM UTC
--- Copying files at Fri 18 Jun 2021 12:28:24 PM UTC
--- Copying files at Fri 18 Jun 2021 12:30:39 PM UTC
--- Copying files at Fri 18 Jun 2021 12:31:38 PM UTC
--- Copying files at Fri 18 Jun 2021 12:34:01 PM UTC
--- Copying files at Fri 18 Jun 2021 12:36:40 PM UTC
--- Copying files at Fri 18 Jun 2021 12:39:29 PM UTC
--- Copying files at Fri 18 Jun 2021 12:40:19 PM UTC
--- Copying files at Fri 18 Jun 2021 12:41:49 PM UTC
--- Copying files at Fri 18 Jun 2021 12:43:42 PM UTC
--- Copying files at Fri 18 Jun 2021 12:57:16 PM UTC
--- Copying files at Fri 18 Jun 2021 12:58:47 PM UTC
--- Copying files at Fri 18 Jun 2021 01:01:58 PM UTC
--- Copying files at Fri 18 Jun 2021 01:32:08 PM UTC
--- Copying files at Fri 18 Jun 2021 01:43:56 PM UTC
--- Copying files at Fri 18 Jun 2021 01:48:00 PM UTC
--- Copying files at Fri 18 Jun 2021 01:50:34 PM UTC
--- Copying files at Fri 18 Jun 2021 02:03:50 PM UTC
--- Copying files at Wed 23 Jun 2021 06:59:11 AM UTC
--- Copying files at Mon 28 Jun 2021 10:22:14 AM UTC
--- Copying files at Wed 30 Jun 2021 12:46:00 PM UTC
--- Copying files at Wed 30 Jun 2021 12:46:26 PM UTC
--- Copying files at Wed 30 Jun 2021 12:48:10 PM UTC
--- Copying files at Wed 30 Jun 2021 12:52:14 PM UTC
--- Copying files at Wed 30 Jun 2021 12:58:26 PM UTC
--- Copying files at Wed 30 Jun 2021 01:06:58 PM UTC
--- Copying files at Wed 30 Jun 2021 01:15:37 PM UTC
--- Copying files at Wed 30 Jun 2021 01:54:21 PM UTC
--- Copying files at Wed 30 Jun 2021 02:08:16 PM UTC
--- Copying files at Wed 30 Jun 2021 02:12:34 PM UTC
--- Copying files at Wed 30 Jun 2021 02:14:44 PM UTC
--- Copying files at Wed 30 Jun 2021 02:19:18 PM UTC
--- Copying files at Wed 30 Jun 2021 02:21:20 PM UTC
--- Copying files at Wed 30 Jun 2021 02:25:12 PM UTC
--- Copying files at Wed 30 Jun 2021 02:28:27 PM UTC
--- Copying files at Wed 30 Jun 2021 02:32:01 PM UTC
--- Copying files at Wed 30 Jun 2021 02:34:37 PM UTC
--- Copying files at Wed 30 Jun 2021 02:38:31 PM UTC
--- Copying files at Wed 30 Jun 2021 02:39:48 PM UTC
--- Copying files at Wed 30 Jun 2021 02:48:58 PM UTC
--- Copying files at Mon 05 Jul 2021 07:41:51 AM UTC
--- Copying files at Thu 08 Jul 2021 07:49:53 AM UTC
--- Copying files at Thu 15 Jul 2021 01:18:12 PM UTC
--- Copying files at Fri 16 Jul 2021 09:36:35 AM UTC
--- Copying files at Fri 16 Jul 2021 10:00:03 AM UTC
--- Copying files at Fri 16 Jul 2021 10:05:56 AM UTC
--- Copying files at Fri 16 Jul 2021 10:07:49 AM UTC
--- Copying files at Fri 16 Jul 2021 10:10:13 AM UTC
--- Copying files at Fri 16 Jul 2021 10:12:21 AM UTC
--- Copying files at Fri 16 Jul 2021 10:12:54 AM UTC
--- Copying files at Fri 16 Jul 2021 10:14:29 AM UTC
--- Copying files at Fri 16 Jul 2021 10:16:28 AM UTC
--- Copying files at Fri 16 Jul 2021 10:18:22 AM UTC
--- Copying files at Fri 16 Jul 2021 10:43:52 AM UTC
--- Copying files at Fri 16 Jul 2021 10:45:00 AM UTC
--- Copying files at Wed 21 Jul 2021 08:23:33 AM UTC
--- Copying files at Wed 28 Jul 2021 08:58:38 AM UTC
--- Copying files at Tue 03 Aug 2021 07:38:28 AM UTC
--- Copying files at Wed 04 Aug 2021 07:48:52 AM UTC
--- Copying files at Mon 09 Aug 2021 08:42:21 AM UTC
--- Copying files at Tue 10 Aug 2021 10:54:02 AM UTC
--- Copying files at Thu 12 Aug 2021 01:24:46 PM UTC
--- Copying files at Fri 13 Aug 2021 01:25:23 PM UTC
--- Copying files at Mon 16 Aug 2021 10:44:31 AM UTC
--- Copying files at Tue 17 Aug 2021 05:53:36 AM UTC
--- Copying files at Wed 18 Aug 2021 08:09:01 AM UTC
--- Copying files at Wed 18 Aug 2021 12:55:04 PM UTC
--- Copying files at Thu 19 Aug 2021 07:44:35 AM UTC
--- Copying files at Thu 19 Aug 2021 09:22:34 AM UTC
--- Copying files at Wed 25 Aug 2021 07:42:36 AM UTC
--- Copying files at Fri 27 Aug 2021 07:20:24 AM UTC
--- Copying files at Thu 02 Sep 2021 11:51:13 AM UTC
--- Copying files at Wed 08 Sep 2021 07:01:58 AM UTC
--- Copying files at Thu Sep  9 12:43:46 UTC 2021
--- Copying files at Thu Sep  9 12:45:29 UTC 2021
--- Copying files at Thu Sep  9 13:03:40 UTC 2021
--- Copying files at Thu Sep  9 13:06:52 UTC 2021
--- Copying files at Thu Sep  9 13:29:22 UTC 2021
--- Copying files at Thu Sep  9 14:51:24 UTC 2021
--- Copying files at Thu Sep  9 14:54:45 UTC 2021
--- Copying files at Thu Sep  9 15:09:58 UTC 2021
--- Copying files at Thu Sep  9 16:05:56 UTC 2021
--- Copying files at Mon Sep 13 13:01:37 UTC 2021
--- Copying files at Mon Sep 13 13:04:51 UTC 2021
--- Copying files at Mon Sep 13 13:11:47 UTC 2021
--- Copying files at Mon Sep 13 16:01:24 UTC 2021
--- Copying files at Tue Sep 14 08:13:38 UTC 2021
--- Copying files at Tue Sep 14 08:21:27 UTC 2021
--- Copying files at Tue Sep 14 10:18:51 UTC 2021
--- Copying files at Tue Sep 14 10:31:08 UTC 2021
--- Copying files at Tue Sep 14 10:49:58 UTC 2021
--- Copying files at Tue Sep 14 13:46:58 UTC 2021
--- Copying files at Tue Sep 14 13:51:45 UTC 2021
--- Copying files at Tue Sep 14 13:54:48 UTC 2021
--- Copying files at Tue Sep 14 14:11:54 UTC 2021
--- Copying files at Tue Sep 14 15:14:37 UTC 2021
--- Copying files at Thu Sep 16 11:14:08 UTC 2021
--- Copying files at Thu Sep 16 11:18:27 UTC 2021
--- Copying files at Thu Sep 16 11:28:44 UTC 2021
--- Copying files at Thu Sep 16 11:31:58 UTC 2021
--- Copying files at Thu Sep 16 11:51:59 UTC 2021
--- Copying files at Thu Sep 16 11:53:04 UTC 2021
--- Copying files at Thu Sep 16 11:54:22 UTC 2021
--- Copying files at Thu Sep 16 11:57:03 UTC 2021
--- Copying files at Thu Sep 16 11:57:41 UTC 2021
--- Copying files at Thu Sep 16 12:03:47 UTC 2021
--- Copying files at Thu Sep 16 12:05:25 UTC 2021
--- Copying files at Thu Sep 16 12:07:17 UTC 2021
--- Copying files at Thu Sep 16 13:57:44 UTC 2021
--- Copying files at Thu Sep 16 14:02:17 UTC 2021
--- Copying files at Fri Sep 17 11:23:11 UTC 2021
--- Copying files at Wed Sep 22 08:52:56 UTC 2021
--- Copying files at Wed Sep 22 08:58:39 UTC 2021
--- Copying files at Thu Sep 23 10:57:57 UTC 2021
--- Copying files at Thu Sep 23 11:29:53 UTC 2021
--- Copying files at Thu Sep 23 11:40:33 UTC 2021
--- Copying files at Thu Sep 23 11:41:04 UTC 2021
